<?xml version="1.0" encoding="UTF-8"?>
<!-- Generated by org.testng.reporters.JUnitReportReporter -->
<testsuite skipped="0" hostname="DESKTOP-PQKNRIU" name="com.opencart.tests.LoginPageTest" tests="3" failures="0" timestamp="11 Feb 2022 02:54:38 GMT" time="3.065" errors="0">
  <testcase name="getPageTitleTest" time="0.011" classname="com.opencart.tests.LoginPageTest"/>
  <testcase name="getPageLogoTest" time="0.044" classname="com.opencart.tests.LoginPageTest"/>
  <testcase name="doLoginTest" time="3.010" classname="com.opencart.tests.LoginPageTest"/>
</testsuite> <!-- com.opencart.tests.LoginPageTest -->
